<?xml version="1.0" encoding="UTF-8" ?>
<testsuite tests="6" failures="0" name="com.example.parser.CronExpressionTest" time="0.036" errors="0" skipped="0">
  <properties>
[...]
</properties>
  <testcase classname="com.example.parser.CronExpressionTest" name="testSingleValues" time="0.016"/>
  <testcase classname="com.example.parser.CronExpressionTest" name="testInvalidMinuteValue" time="0.016"/>
  <testcase classname="com.example.parser.CronExpressionTest" name="testListValues" time="0.001"/>
  <testcase classname="com.example.parser.CronExpressionTest" name="testWildcardFields" time="0.001"/>
  <testcase classname="com.example.parser.CronExpressionTest" name="testEmptyCommand" time="0.001"/>
  <testcase classname="com.example.parser.CronExpressionTest" name="testStepValues" time="0.001"/>
</testsuite>